<?xml version="1.0" encoding="UTF-8"?>
<!-- Generated by org.testng.reporters.JUnitReportReporter -->
<testsuite hostname="LAPTOP-4ADV37L1" failures="0" tests="1" name="com.SCM.AdminModule.SearchByInvoieIdTest" time="6.940" errors="0" timestamp="2023-11-30T16:01:22 IST" skipped="0">
  <testcase classname="com.SCM.AdminModule.SearchByInvoieIdTest" name="searchByInvoieIdTest" time="6.940"/>
  <system-out/>
</testsuite> <!-- com.SCM.AdminModule.SearchByInvoieIdTest -->
